Sat Oct 19 00:49:34 UTC 2024 - Jogadores conectados: 
Sat Oct 19 00:50:34 UTC 2024 - Jogadores conectados: 
Sat Oct 19 00:51:34 UTC 2024 - Jogadores conectados: 
Sat Oct 19 00:52:34 UTC 2024 - Jogadores conectados: 
Sat Oct 19 00:53:34 UTC 2024 - Jogadores conectados: 
Sat Oct 19 00:54:34 UTC 2024 - Jogadores conectados: 
Sat Oct 19 00:55:34 UTC 2024 - Jogadores conectados: 
Sat Oct 19 00:56:34 UTC 2024 - Jogadores conectados: 
Sat Oct 19 00:57:34 UTC 2024 - Jogadores conectados: 
Sat Oct 19 01:05:40 UTC 2024 - Jogadores conectados: 
Sat Oct 19 01:06:41 UTC 2024 - Jogadores conectados: 
Sat Oct 19 01:07:41 UTC 2024 - Jogadores conectados: 
Sat Oct 19 01:09:11 UTC 2024 - Jogadores conectados: 
Sat Oct 19 01:10:11 UTC 2024 - Jogadores conectados: 
Sat Oct 19 01:11:11 UTC 2024 - Jogadores conectados: 
Sat Oct 19 01:12:11 UTC 2024 - Jogadores conectados: 
Sat Oct 19 01:13:11 UTC 2024 - Jogadores conectados: 
Sat Oct 19 01:14:11 UTC 2024 - Jogadores conectados: 
Sat Oct 19 01:15:11 UTC 2024 - Jogadores conectados: 
Sat Oct 19 01:16:11 UTC 2024 - Jogadores conectados: 
Sat Oct 19 01:17:11 UTC 2024 - Jogadores conectados: 
Sat Oct 19 01:18:39 UTC 2024 - Jogadores conectados: 
Sat Oct 19 01:19:40 UTC 2024 - Jogadores conectados: 
Sat Oct 19 01:20:40 UTC 2024 - Jogadores conectados: 
Sat Oct 19 01:21:40 UTC 2024 - Jogadores conectados: 
Sat Oct 19 01:22:40 UTC 2024 - Jogadores conectados: 
Sat Oct 19 01:23:40 UTC 2024 - Jogadores conectados: 
Sat Oct 19 01:24:40 UTC 2024 - Jogadores conectados: 
Sat Oct 19 01:25:40 UTC 2024 - Jogadores conectados: 
Sat Oct 19 01:26:40 UTC 2024 - Jogadores conectados: 
Sat Oct 19 01:27:41 UTC 2024 - Jogadores conectados: 
Sat Oct 19 01:29:12 UTC 2024 - Jogadores conectados: 
Sat Oct 19 01:30:12 UTC 2024 - Jogadores conectados: 
Sat Oct 19 01:30:28 UTC 2024 - Jogadores conectados: 
Sat Oct 19 01:31:12 UTC 2024 - Jogadores conectados: 
Sat Oct 19 01:32:12 UTC 2024 - Jogadores conectados: 
Sat Oct 19 01:33:12 UTC 2024 - Jogadores conectados: 
Sat Oct 19 01:33:29 UTC 2024 - Jogadores conectados: 
Sat Oct 19 01:34:12 UTC 2024 - Jogadores conectados: 
Sat Oct 19 01:34:29 UTC 2024 - Jogadores conectados: 
Sat Oct 19 01:35:12 UTC 2024 - Jogadores conectados: 
Sat Oct 19 01:36:12 UTC 2024 - Jogadores conectados: 
Sat Oct 19 01:37:12 UTC 2024 - Jogadores conectados: 
Sat Oct 19 01:37:14 UTC 2024 - Jogadores conectados: 
Sat Oct 19 01:37:14 UTC 2024 - A contagem de jogadores não pôde ser obtida.
Sat Oct 19 01:41:27 UTC 2024 - Jogadores conectados: 
Sat Oct 19 01:41:27 UTC 2024 - A contagem de jogadores não pôde ser obtida.
Sat Oct 19 01:47:04 UTC 2024 - Jogadores conectados: 0
Sat Oct 19 01:47:04 UTC 2024 - Nenhum jogador conectado. Desligando em 10 minutos...
Sat Oct 19 01:48:38 UTC 2024 - Jogadores conectados: 0
Sat Oct 19 01:48:38 UTC 2024 - Nenhum jogador conectado. Desligando em 10 minutos...
Sat Oct 19 02:35:17 UTC 2024 - Jogadores conectados: 0
Sat Oct 19 02:35:17 UTC 2024 - Nenhum jogador conectado. Desligando em 10 minutos...
Sat Oct 19 02:45:17 UTC 2024 - Desligando o servidor por inatividade...
Sat Oct 19 02:51:42 UTC 2024 - Jogadores conectados: 0
Sat Oct 19 02:51:42 UTC 2024 - Nenhum jogador conectado. Desligando em 10 minutos...
Sat Oct 19 03:01:44 UTC 2024 - Desligando o servidor por inatividade...
Sat Oct 19 13:43:32 UTC 2024 - Jogadores conectados: 0
Sat Oct 19 13:43:32 UTC 2024 - Nenhum jogador conectado. Desligando em 10 minutos...
Sat Oct 19 13:53:34 UTC 2024 - Desligando o servidor por inatividade...
Sat Oct 19 14:50:37 UTC 2024: check_players.sh executado
Sat Oct 19 14:54:16 UTC 2024: Jogadores conectados: 0
Sat Oct 19 14:54:16 UTC 2024: Nenhum jogador conectado. Desligando em 20 minutos...
Sat Oct 19 15:00:22 UTC 2024 - Jogadores conectados: 
Sat Oct 19 15:00:22 UTC 2024 - Jogadores ainda estão conectados.
Sat Oct 19 15:01:45 UTC 2024 - Jogadores conectados: 
Sat Oct 19 15:01:45 UTC 2024 - Nenhum jogador conectado. Desligando em 10 minutos...
Sat Oct 19 15:02:51 UTC 2024 - Jogadores conectados: No screen session found.
Sat Oct 19 15:02:51 UTC 2024 - Jogadores ainda estão conectados.
Sat Oct 19 15:07:06 UTC 2024 - Jogadores conectados: 
Sat Oct 19 15:07:06 UTC 2024 - Nenhum jogador conectado. Desligando em 10 minutos...
Sat Oct 19 15:12:06 UTC 2024 - Executando check_players.sh
Sat Oct 19 15:15:03 UTC 2024 - Jogadores conectados: 
Sat Oct 19 15:15:03 UTC 2024 - Nenhum jogador conectado. Desligando em 10 minutos...
Sat Oct 19 15:20:02 UTC 2024 - Jogadores conectados: 
Sat Oct 19 15:20:02 UTC 2024 - Nenhum jogador conectado. Desligando em 10 minutos...
Sat Oct 19 15:25:02 UTC 2024 - Jogadores conectados: 
Sat Oct 19 15:25:02 UTC 2024 - Nenhum jogador conectado. Desligando em 10 minutos...
Sat Oct 19 15:30:02 UTC 2024 - Jogadores conectados: No screen session found.
Sat Oct 19 15:30:02 UTC 2024 - Jogadores ainda estão conectados.
Sat Oct 19 15:35:03 UTC 2024 - Jogadores conectados: 0
Sat Oct 19 15:35:03 UTC 2024 - Nenhum jogador conectado. Desligando em 10 minutos...
Sat Oct 19 15:40:03 UTC 2024 - Jogadores conectados: 0
Sat Oct 19 15:40:03 UTC 2024 - Nenhum jogador conectado. Desligando em 10 minutos...
Sat Oct 19 15:45:03 UTC 2024 - Jogadores conectados: 0
Sat Oct 19 15:45:03 UTC 2024 - Nenhum jogador conectado. Desligando em 10 minutos...
Sat Oct 19 15:45:05 UTC 2024 - Desligando o servidor por inatividade...
Sat Oct 19 15:50:04 UTC 2024 - Jogadores conectados: 0
Sat Oct 19 15:50:04 UTC 2024 - Nenhum jogador conectado. Desligando em 10 minutos...
Sat Oct 19 15:55:03 UTC 2024 - Jogadores conectados: 0
Sat Oct 19 15:55:03 UTC 2024 - Nenhum jogador conectado. Desligando em 10 minutos...
Sat Oct 19 16:00:03 UTC 2024 - Jogadores conectados: 0
Sat Oct 19 16:00:03 UTC 2024 - Nenhum jogador conectado. Desligando em 10 minutos...
Sat Oct 19 16:00:06 UTC 2024 - Desligando o servidor por inatividade...
Sat Oct 19 16:15:03 UTC 2024 - Jogadores conectados: 0
Sat Oct 19 16:15:03 UTC 2024 - Nenhum jogador conectado. Desligando em 10 minutos...
Sat Oct 19 16:20:03 UTC 2024 - Jogadores conectados: 0
Sat Oct 19 16:20:03 UTC 2024 - Nenhum jogador conectado. Desligando em 10 minutos...
Sat Oct 19 16:25:03 UTC 2024 - Jogadores conectados: 0
Sat Oct 19 16:25:03 UTC 2024 - Nenhum jogador conectado. Desligando em 10 minutos...
Sat Oct 19 16:25:05 UTC 2024 - Desligando o servidor por inatividade...
Sat Oct 19 16:35:03 UTC 2024 - Jogadores conectados: 0
Sat Oct 19 16:35:03 UTC 2024 - Nenhum jogador conectado. Desligando em 10 minutos...
Sat Oct 19 16:40:03 UTC 2024 - Jogadores conectados: 0
Sat Oct 19 16:40:03 UTC 2024 - Nenhum jogador conectado. Desligando em 10 minutos...
Sat Oct 19 16:45:03 UTC 2024 - Jogadores conectados: 0
Sat Oct 19 16:45:03 UTC 2024 - Nenhum jogador conectado. Desligando em 10 minutos...
Sat Oct 19 16:45:05 UTC 2024 - Desligando o servidor por inatividade...
Sat Oct 19 18:43:22 UTC 2024 - Jogadores conectados: 0
Sat Oct 19 18:43:22 UTC 2024 - Nenhum jogador conectado. Desligando em 10 minutos...
Sat Oct 19 18:45:03 UTC 2024 - Jogadores conectados: 0
Sat Oct 19 18:45:03 UTC 2024 - Nenhum jogador conectado. Desligando em 10 minutos...
Sat Oct 19 18:50:03 UTC 2024 - Jogadores conectados: 0
Sat Oct 19 18:50:03 UTC 2024 - Nenhum jogador conectado. Desligando em 10 minutos...
Sat Oct 19 18:55:03 UTC 2024 - Jogadores conectados: 0
Sat Oct 19 18:55:03 UTC 2024 - Nenhum jogador conectado. Desligando em 10 minutos...
Sat Oct 19 18:55:05 UTC 2024 - Desligando o servidor por inatividade...
Sun Oct 20 00:35:03 UTC 2024 - Jogadores conectados: 0
Sun Oct 20 00:35:03 UTC 2024 - Nenhum jogador conectado. Desligando em 10 minutos...
Sun Oct 20 00:40:04 UTC 2024 - Jogadores conectados: 0
Sun Oct 20 00:40:04 UTC 2024 - Nenhum jogador conectado. Desligando em 10 minutos...
Sun Oct 20 00:45:03 UTC 2024 - Jogadores conectados: 0
Sun Oct 20 00:45:03 UTC 2024 - Nenhum jogador conectado. Desligando em 10 minutos...
Sun Oct 20 00:50:03 UTC 2024 - Jogadores conectados: 
Sun Oct 20 00:50:03 UTC 2024 - Nenhum jogador conectado. Desligando em 10 minutos...
Sun Oct 20 00:55:03 UTC 2024 - Jogadores conectados: 
Sun Oct 20 00:55:03 UTC 2024 - Nenhum jogador conectado. Desligando em 10 minutos...
Sun Oct 20 01:00:03 UTC 2024 - Jogadores conectados: 
Sun Oct 20 01:00:03 UTC 2024 - Nenhum jogador conectado. Desligando em 10 minutos...
Sun Oct 20 01:00:05 UTC 2024 - Desligando o servidor por inatividade...
Sun Oct 20 01:05:04 UTC 2024 - Jogadores conectados: 
Sun Oct 20 01:05:04 UTC 2024 - Nenhum jogador conectado. Desligando em 10 minutos...
Sun Oct 20 01:10:04 UTC 2024 - Jogadores conectados: 
Sun Oct 20 01:10:04 UTC 2024 - Nenhum jogador conectado. Desligando em 10 minutos...
Sun Oct 20 01:15:04 UTC 2024 - Jogadores conectados: 
Sun Oct 20 01:15:04 UTC 2024 - Nenhum jogador conectado. Desligando em 10 minutos...
Sun Oct 20 01:15:06 UTC 2024 - Desligando o servidor por inatividade...
Sun Oct 20 02:00:03 UTC 2024 - Jogadores conectados: 
Sun Oct 20 02:00:03 UTC 2024 - Nenhum jogador conectado. Desligando em 10 minutos...
Sun Oct 20 02:05:03 UTC 2024 - Jogadores conectados: 
Sun Oct 20 02:05:03 UTC 2024 - Nenhum jogador conectado. Desligando em 10 minutos...
Sun Oct 20 02:15:03 UTC 2024 - Jogadores conectados: 
Sun Oct 20 02:15:03 UTC 2024 - Nenhum jogador conectado. Desligando em 10 minutos...
Sun Oct 20 02:35:03 UTC 2024 - Jogadores conectados: 
Sun Oct 20 02:35:03 UTC 2024 - Nenhum jogador conectado. Desligando em 10 minutos...
Sun Oct 20 02:40:03 UTC 2024 - Jogadores conectados: 
Sun Oct 20 02:40:03 UTC 2024 - Nenhum jogador conectado. Desligando em 10 minutos...
Sun Oct 20 02:45:03 UTC 2024 - Jogadores conectados: 
Sun Oct 20 02:45:03 UTC 2024 - Nenhum jogador conectado. Desligando em 10 minutos...
Sun Oct 20 02:45:05 UTC 2024 - Desligando o servidor por inatividade...
Sun Oct 20 02:50:03 UTC 2024 - Jogadores conectados: 
Sun Oct 20 02:50:03 UTC 2024 - Nenhum jogador conectado. Desligando em 10 minutos...
Sun Oct 20 02:55:03 UTC 2024 - Jogadores conectados: 
Sun Oct 20 02:55:03 UTC 2024 - Nenhum jogador conectado. Desligando em 10 minutos...
Sun Oct 20 03:30:03 UTC 2024 - Jogadores conectados: 
Sun Oct 20 03:30:03 UTC 2024 - Nenhum jogador conectado. Desligando em 10 minutos...
Sun Oct 20 03:35:03 UTC 2024 - Jogadores conectados: 
Sun Oct 20 03:35:03 UTC 2024 - Nenhum jogador conectado. Desligando em 10 minutos...
Sun Oct 20 03:40:03 UTC 2024 - Jogadores conectados: 
Sun Oct 20 03:40:03 UTC 2024 - Nenhum jogador conectado. Desligando em 10 minutos...
Sun Oct 20 03:40:05 UTC 2024 - Desligando o servidor por inatividade...
Sun Oct 20 03:45:03 UTC 2024 - Jogadores conectados: 
Sun Oct 20 03:45:03 UTC 2024 - Nenhum jogador conectado. Desligando em 10 minutos...
Sun Oct 20 03:50:03 UTC 2024 - Jogadores conectados: 
Sun Oct 20 03:50:03 UTC 2024 - Nenhum jogador conectado. Desligando em 10 minutos...
Sun Oct 20 03:55:03 UTC 2024 - Jogadores conectados: 
Sun Oct 20 03:55:03 UTC 2024 - Nenhum jogador conectado. Desligando em 10 minutos...
Sun Oct 20 03:55:05 UTC 2024 - Desligando o servidor por inatividade...
Sun Oct 20 04:15:03 UTC 2024 - Jogadores conectados: 
Sun Oct 20 04:15:03 UTC 2024 - Nenhum jogador conectado. Desligando em 10 minutos...
Sun Oct 20 04:20:03 UTC 2024 - Jogadores conectados: 
Sun Oct 20 04:20:03 UTC 2024 - Nenhum jogador conectado. Desligando em 10 minutos...
Sun Oct 20 04:45:04 UTC 2024 - Jogadores conectados: 
Sun Oct 20 04:45:04 UTC 2024 - Nenhum jogador conectado. Desligando em 10 minutos...
Sun Oct 20 04:50:04 UTC 2024 - Jogadores conectados: 
Sun Oct 20 04:50:04 UTC 2024 - Nenhum jogador conectado. Desligando em 10 minutos...
Sun Oct 20 14:15:03 UTC 2024 - Jogadores conectados: 
Sun Oct 20 14:15:03 UTC 2024 - Nenhum jogador conectado. Desligando em 10 minutos...
Sun Oct 20 20:15:03 UTC 2024 - Jogadores conectados: 
Sun Oct 20 20:15:03 UTC 2024 - Nenhum jogador conectado. Desligando em 10 minutos...
Sun Oct 20 20:20:03 UTC 2024 - Jogadores conectados: 
Sun Oct 20 20:20:03 UTC 2024 - Nenhum jogador conectado. Desligando em 10 minutos...
Sun Oct 20 20:25:03 UTC 2024 - Jogadores conectados: 
Sun Oct 20 20:25:03 UTC 2024 - Nenhum jogador conectado. Desligando em 10 minutos...
Sun Oct 20 20:25:05 UTC 2024 - Desligando o servidor por inatividade...
Sun Oct 20 21:10:03 UTC 2024 - Jogadores conectados: 
Sun Oct 20 21:10:03 UTC 2024 - Nenhum jogador conectado. Desligando em 10 minutos...
Sun Oct 20 21:15:03 UTC 2024 - Jogadores conectados: 
Sun Oct 20 21:15:03 UTC 2024 - Nenhum jogador conectado. Desligando em 10 minutos...
Sun Oct 20 21:20:03 UTC 2024 - Jogadores conectados: 
Sun Oct 20 21:20:03 UTC 2024 - Nenhum jogador conectado. Desligando em 10 minutos...
Sun Oct 20 21:20:05 UTC 2024 - Desligando o servidor por inatividade...
Sun Oct 20 21:25:03 UTC 2024 - Jogadores conectados: 
Sun Oct 20 21:25:03 UTC 2024 - Nenhum jogador conectado. Desligando em 10 minutos...
Sun Oct 20 21:30:03 UTC 2024 - Jogadores conectados: 
Sun Oct 20 21:30:03 UTC 2024 - Nenhum jogador conectado. Desligando em 10 minutos...
Sun Oct 20 21:40:03 UTC 2024 - Jogadores conectados: 
Sun Oct 20 21:40:03 UTC 2024 - Nenhum jogador conectado. Desligando em 10 minutos...
Sun Oct 20 21:45:03 UTC 2024 - Jogadores conectados: 
Sun Oct 20 21:45:03 UTC 2024 - Nenhum jogador conectado. Desligando em 10 minutos...
Sun Oct 20 21:50:03 UTC 2024 - Jogadores conectados: 
Sun Oct 20 21:50:03 UTC 2024 - Nenhum jogador conectado. Desligando em 10 minutos...
Sun Oct 20 21:50:05 UTC 2024 - Desligando o servidor por inatividade...
Mon Oct 21 03:05:03 UTC 2024 - Jogadores conectados: 
Mon Oct 21 03:05:03 UTC 2024 - Nenhum jogador conectado. Desligando em 10 minutos...
Mon Oct 21 03:10:03 UTC 2024 - Jogadores conectados: 
Mon Oct 21 03:10:03 UTC 2024 - Nenhum jogador conectado. Desligando em 10 minutos...
Mon Oct 21 03:15:03 UTC 2024 - Jogadores conectados: 
Mon Oct 21 03:15:03 UTC 2024 - Nenhum jogador conectado. Desligando em 10 minutos...
Mon Oct 21 03:15:05 UTC 2024 - Desligando o servidor por inatividade...
Mon Oct 21 18:40:03 UTC 2024 - Jogadores conectados: 
Mon Oct 21 18:40:03 UTC 2024 - Nenhum jogador conectado. Desligando em 10 minutos...
Mon Oct 21 18:50:05 UTC 2024 - Desligando o servidor por inatividade...
Mon Oct 21 19:45:03 UTC 2024 - Jogadores conectados: 
Mon Oct 21 19:45:03 UTC 2024 - Nenhum jogador conectado. Desligando em 10 minutos...
Mon Oct 21 19:55:04 UTC 2024 - Jogadores conectados: 
Mon Oct 21 19:55:04 UTC 2024 - Nenhum jogador conectado. Desligando em 10 minutos...
Mon Oct 21 19:57:45 UTC 2024 - Jogadores conectados: 
Mon Oct 21 19:57:45 UTC 2024 - Nenhum jogador conectado. Desligando em 10 minutos...
Mon Oct 21 20:55:04 UTC 2024 - Jogadores conectados: 
Mon Oct 21 20:55:04 UTC 2024 - Nenhum jogador conectado. Desligando em 10 minutos...
Mon Oct 21 21:00:03 UTC 2024 - Jogadores conectados: 
Mon Oct 21 21:00:03 UTC 2024 - Nenhum jogador conectado. Desligando em 10 minutos...
Mon Oct 21 21:05:03 UTC 2024 - Jogadores conectados: 
Mon Oct 21 21:05:03 UTC 2024 - Nenhum jogador conectado. Desligando em 10 minutos...
Mon Oct 21 21:05:06 UTC 2024 - Desligando o servidor por inatividade...
Mon Oct 21 23:00:04 UTC 2024 - Jogadores conectados: 
Mon Oct 21 23:00:04 UTC 2024 - Nenhum jogador conectado. Desligando em 10 minutos...
Mon Oct 21 23:05:04 UTC 2024 - Jogadores conectados: 
Mon Oct 21 23:05:04 UTC 2024 - Nenhum jogador conectado. Desligando em 10 minutos...
Mon Oct 21 23:14:07 UTC 2024 - Desligando o servidor por inatividade...
Mon Oct 21 23:22:20 UTC 2024 - Jogadores conectados: 
Mon Oct 21 23:22:20 UTC 2024 - Nenhum jogador conectado. Desligando em 10 minutos...
Mon Oct 21 23:25:04 UTC 2024 - Jogadores conectados: 
Mon Oct 21 23:25:04 UTC 2024 - Nenhum jogador conectado. Desligando em 10 minutos...
Mon Oct 21 23:32:22 UTC 2024 - Desligando o servidor por inatividade...
Mon Oct 21 23:34:16 UTC 2024 - Jogadores conectados: 
Mon Oct 21 23:34:16 UTC 2024 - Nenhum jogador conectado. Desligando em 10 minutos...
Mon Oct 21 23:44:18 UTC 2024 - Desligando o servidor por inatividade...
Mon Oct 21 23:49:24 UTC 2024 - Jogadores conectados: 
Mon Oct 21 23:49:24 UTC 2024 - Nenhum jogador conectado. Desligando em 10 minutos...
Mon Oct 21 23:51:40 UTC 2024 - Jogadores conectados: 
Mon Oct 21 23:51:40 UTC 2024 - Nenhum jogador conectado. Desligando em 10 minutos...
Mon Oct 21 23:54:44 UTC 2024 - Jogadores conectados: 
Mon Oct 21 23:54:44 UTC 2024 - Nenhum jogador conectado. Desligando em 10 minutos...
Mon Oct 21 23:55:13 UTC 2024 - Jogadores conectados: 
Mon Oct 21 23:55:13 UTC 2024 - Nenhum jogador conectado. Desligando em 10 minutos...
Tue Oct 22 00:06:10 UTC 2024 - Jogadores conectados: 
Tue Oct 22 00:06:10 UTC 2024 - Nenhum jogador conectado. Desligando em 10 minutos...
Tue Oct 22 12:15:03 UTC 2024 - Jogadores conectados: 0
Tue Oct 22 12:15:03 UTC 2024 - Nenhum jogador conectado. Desligando em 10 minutos...
Tue Oct 22 12:20:03 UTC 2024 - Jogadores conectados: 0
Tue Oct 22 12:20:03 UTC 2024 - Nenhum jogador conectado. Desligando em 10 minutos...
Tue Oct 22 12:25:03 UTC 2024 - Jogadores conectados: 0
Tue Oct 22 12:25:03 UTC 2024 - Nenhum jogador conectado. Desligando em 10 minutos...
Tue Oct 22 12:25:05 UTC 2024 - Desligando o servidor por inatividade...
Tue Oct 22 12:45:03 UTC 2024 - Jogadores conectados: 0
Tue Oct 22 12:45:03 UTC 2024 - Nenhum jogador conectado. Desligando em 10 minutos...
Tue Oct 22 12:50:03 UTC 2024 - Jogadores conectados: 0
Tue Oct 22 12:50:03 UTC 2024 - Nenhum jogador conectado. Desligando em 10 minutos...
Tue Oct 22 12:55:03 UTC 2024 - Jogadores conectados: 0
Tue Oct 22 12:55:03 UTC 2024 - Nenhum jogador conectado. Desligando em 10 minutos...
Tue Oct 22 12:55:05 UTC 2024 - Desligando o servidor por inatividade...
Tue Oct 22 15:15:03 UTC 2024 - Jogadores conectados: 0
Tue Oct 22 15:15:03 UTC 2024 - Nenhum jogador conectado. Desligando em 10 minutos...
Tue Oct 22 15:20:03 UTC 2024 - Jogadores conectados: 0
Tue Oct 22 15:20:03 UTC 2024 - Nenhum jogador conectado. Desligando em 10 minutos...
Tue Oct 22 15:30:04 UTC 2024 - Jogadores conectados: 
Tue Oct 22 15:30:04 UTC 2024 - Nenhum jogador conectado. Desligando em 10 minutos...
Tue Oct 22 15:35:03 UTC 2024 - Jogadores conectados: 0
Tue Oct 22 15:35:03 UTC 2024 - Nenhum jogador conectado. Desligando em 10 minutos...
Tue Oct 22 15:40:03 UTC 2024 - Jogadores conectados: 0
Tue Oct 22 15:40:03 UTC 2024 - Nenhum jogador conectado. Desligando em 10 minutos...
Tue Oct 22 15:40:06 UTC 2024 - Desligando o servidor por inatividade...
Tue Oct 22 16:05:03 UTC 2024 - Jogadores conectados: 0
Tue Oct 22 16:05:03 UTC 2024 - Nenhum jogador conectado. Desligando em 10 minutos...
Tue Oct 22 16:10:03 UTC 2024 - Jogadores conectados: 0
Tue Oct 22 16:10:03 UTC 2024 - Nenhum jogador conectado. Desligando em 10 minutos...
Tue Oct 22 16:15:03 UTC 2024 - Jogadores conectados: 0
Tue Oct 22 16:15:03 UTC 2024 - Nenhum jogador conectado. Desligando em 10 minutos...
Tue Oct 22 16:15:05 UTC 2024 - Desligando o servidor por inatividade...
Tue Oct 22 16:20:03 UTC 2024 - Jogadores conectados: 0
Tue Oct 22 16:20:03 UTC 2024 - Nenhum jogador conectado. Desligando em 10 minutos...
Tue Oct 22 16:25:03 UTC 2024 - Jogadores conectados: 0
Tue Oct 22 16:25:03 UTC 2024 - Nenhum jogador conectado. Desligando em 10 minutos...
Tue Oct 22 17:40:03 UTC 2024 - Jogadores conectados: 0
Tue Oct 22 17:40:03 UTC 2024 - Nenhum jogador conectado. Desligando em 10 minutos...
Tue Oct 22 17:45:03 UTC 2024 - Jogadores conectados: 0
Tue Oct 22 17:45:03 UTC 2024 - Nenhum jogador conectado. Desligando em 10 minutos...
Tue Oct 22 17:50:03 UTC 2024 - Jogadores conectados: 0
Tue Oct 22 17:50:03 UTC 2024 - Nenhum jogador conectado. Desligando em 10 minutos...
Tue Oct 22 17:50:05 UTC 2024 - Desligando o servidor por inatividade...
Wed Oct 23 00:15:03 UTC 2024 - Jogadores conectados: 0
Wed Oct 23 00:15:03 UTC 2024 - Nenhum jogador conectado. Desligando em 10 minutos...
Wed Oct 23 00:20:03 UTC 2024 - Jogadores conectados: 0
Wed Oct 23 00:20:03 UTC 2024 - Nenhum jogador conectado. Desligando em 10 minutos...
Wed Oct 23 00:25:03 UTC 2024 - Jogadores conectados: 0
Wed Oct 23 00:25:03 UTC 2024 - Nenhum jogador conectado. Desligando em 10 minutos...
Wed Oct 23 00:25:07 UTC 2024 - Desligando o servidor por inatividade...
Wed Oct 23 00:30:03 UTC 2024 - Jogadores conectados: 0
Wed Oct 23 00:30:03 UTC 2024 - Nenhum jogador conectado. Desligando em 10 minutos...
Wed Oct 23 13:15:03 UTC 2024 - Jogadores conectados: 0
Wed Oct 23 13:15:03 UTC 2024 - Nenhum jogador conectado. Desligando em 10 minutos...
Wed Oct 23 13:20:03 UTC 2024 - Jogadores conectados: 0
Wed Oct 23 13:20:03 UTC 2024 - Nenhum jogador conectado. Desligando em 10 minutos...
Wed Oct 23 13:25:03 UTC 2024 - Jogadores conectados: 0
Wed Oct 23 13:25:03 UTC 2024 - Nenhum jogador conectado. Desligando em 10 minutos...
Wed Oct 23 13:25:05 UTC 2024 - Desligando o servidor por inatividade...
Wed Oct 23 14:25:04 UTC 2024 - Jogadores conectados: 0
Wed Oct 23 14:25:04 UTC 2024 - Nenhum jogador conectado. Desligando em 10 minutos...
Wed Oct 23 14:30:04 UTC 2024 - Jogadores conectados: 0
Wed Oct 23 14:30:04 UTC 2024 - Nenhum jogador conectado. Desligando em 10 minutos...
Wed Oct 23 14:35:03 UTC 2024 - Jogadores conectados: 0
Wed Oct 23 14:35:03 UTC 2024 - Nenhum jogador conectado. Desligando em 10 minutos...
Wed Oct 23 14:35:06 UTC 2024 - Desligando o servidor por inatividade...
Wed Oct 23 15:15:03 UTC 2024 - Jogadores conectados: 
Wed Oct 23 15:15:03 UTC 2024 - Nenhum jogador conectado. Desligando em 10 minutos...
Wed Oct 23 15:20:03 UTC 2024 - Jogadores conectados: 0
Wed Oct 23 15:20:03 UTC 2024 - Nenhum jogador conectado. Desligando em 10 minutos...
Wed Oct 23 15:25:04 UTC 2024 - Jogadores conectados: 
Wed Oct 23 15:25:04 UTC 2024 - Nenhum jogador conectado. Desligando em 10 minutos...
Wed Oct 23 15:40:04 UTC 2024 - Jogadores conectados: 0
Wed Oct 23 15:40:04 UTC 2024 - Nenhum jogador conectado. Desligando em 10 minutos...
Wed Oct 23 15:45:04 UTC 2024 - Jogadores conectados: 0
Wed Oct 23 15:45:04 UTC 2024 - Nenhum jogador conectado. Desligando em 10 minutos...
Wed Oct 23 15:50:04 UTC 2024 - Jogadores conectados: 0
Wed Oct 23 15:50:04 UTC 2024 - Nenhum jogador conectado. Desligando em 10 minutos...
Wed Oct 23 15:50:06 UTC 2024 - Desligando o servidor por inatividade...
Wed Oct 23 17:35:03 UTC 2024 - Jogadores conectados: 0
Wed Oct 23 17:35:03 UTC 2024 - Nenhum jogador conectado. Desligando em 10 minutos...
Wed Oct 23 17:45:05 UTC 2024 - Desligando o servidor por inatividade...
Wed Oct 23 19:55:03 UTC 2024 - Jogadores conectados: 0
Wed Oct 23 19:55:03 UTC 2024 - Nenhum jogador conectado. Desligando em 10 minutos...
Wed Oct 23 20:00:03 UTC 2024 - Jogadores conectados: 0
Wed Oct 23 20:00:03 UTC 2024 - Nenhum jogador conectado. Desligando em 10 minutos...
Wed Oct 23 20:05:03 UTC 2024 - Jogadores conectados: 0
Wed Oct 23 20:05:03 UTC 2024 - Nenhum jogador conectado. Desligando em 10 minutos...
Wed Oct 23 20:05:05 UTC 2024 - Desligando o servidor por inatividade...
Wed Oct 23 20:35:03 UTC 2024 - Jogadores conectados: 0
Wed Oct 23 20:35:03 UTC 2024 - Nenhum jogador conectado. Desligando em 10 minutos...
Wed Oct 23 20:40:03 UTC 2024 - Jogadores conectados: 0
Wed Oct 23 20:40:03 UTC 2024 - Nenhum jogador conectado. Desligando em 10 minutos...
Wed Oct 23 20:45:03 UTC 2024 - Jogadores conectados: 0
Wed Oct 23 20:45:03 UTC 2024 - Nenhum jogador conectado. Desligando em 10 minutos...
Wed Oct 23 20:50:05 UTC 2024 - Jogadores conectados: 
Wed Oct 23 20:50:06 UTC 2024 - Nenhum jogador conectado. Desligando em 10 minutos...
Wed Oct 23 21:05:03 UTC 2024 - Jogadores conectados: 0
Wed Oct 23 21:05:03 UTC 2024 - Nenhum jogador conectado. Desligando em 10 minutos...
Wed Oct 23 21:10:03 UTC 2024 - Jogadores conectados: 0
Wed Oct 23 21:10:03 UTC 2024 - Nenhum jogador conectado. Desligando em 10 minutos...
Wed Oct 23 21:15:03 UTC 2024 - Jogadores conectados: 0
Wed Oct 23 21:15:03 UTC 2024 - Nenhum jogador conectado. Desligando em 10 minutos...
Wed Oct 23 21:15:05 UTC 2024 - Desligando o servidor por inatividade...
Wed Oct 23 23:10:03 UTC 2024 - Jogadores conectados: 0
Wed Oct 23 23:10:03 UTC 2024 - Nenhum jogador conectado. Desligando em 10 minutos...
Wed Oct 23 23:15:03 UTC 2024 - Jogadores conectados: 1
Wed Oct 23 23:15:03 UTC 2024 - Jogadores ainda estão conectados.
Wed Oct 23 23:20:03 UTC 2024 - Jogadores conectados: 1
Wed Oct 23 23:20:03 UTC 2024 - Jogadores ainda estão conectados.
Wed Oct 23 23:20:05 UTC 2024 - Jogadores conectados novamente. Cancelando desligamento.
Wed Oct 23 23:25:03 UTC 2024 - Jogadores conectados: 1
Wed Oct 23 23:25:03 UTC 2024 - Jogadores ainda estão conectados.
Wed Oct 23 23:30:04 UTC 2024 - Jogadores conectados: 1
Wed Oct 23 23:30:04 UTC 2024 - Jogadores ainda estão conectados.
Wed Oct 23 23:35:03 UTC 2024 - Jogadores conectados: 0
Wed Oct 23 23:35:03 UTC 2024 - Nenhum jogador conectado. Desligando em 10 minutos...
Wed Oct 23 23:40:03 UTC 2024 - Jogadores conectados: 0
Wed Oct 23 23:40:03 UTC 2024 - Nenhum jogador conectado. Desligando em 10 minutos...
Wed Oct 23 23:45:03 UTC 2024 - Jogadores conectados: 1
Wed Oct 23 23:45:03 UTC 2024 - Jogadores ainda estão conectados.
Wed Oct 23 23:45:05 UTC 2024 - Jogadores conectados novamente. Cancelando desligamento.
Wed Oct 23 23:50:03 UTC 2024 - Jogadores conectados: 1
Wed Oct 23 23:50:03 UTC 2024 - Jogadores ainda estão conectados.
Wed Oct 23 23:50:05 UTC 2024 - Jogadores conectados novamente. Cancelando desligamento.
Wed Oct 23 23:55:03 UTC 2024 - Jogadores conectados: 1
Wed Oct 23 23:55:03 UTC 2024 - Jogadores ainda estão conectados.
Thu Oct 24 00:00:03 UTC 2024 - Jogadores conectados: 0
Thu Oct 24 00:00:03 UTC 2024 - Nenhum jogador conectado. Desligando em 10 minutos...
Thu Oct 24 00:05:03 UTC 2024 - Jogadores conectados: 2
Thu Oct 24 00:05:03 UTC 2024 - Jogadores ainda estão conectados.
Thu Oct 24 00:10:03 UTC 2024 - Jogadores conectados: 2
Thu Oct 24 00:10:03 UTC 2024 - Jogadores ainda estão conectados.
Thu Oct 24 00:10:05 UTC 2024 - Jogadores conectados novamente. Cancelando desligamento.
Thu Oct 24 00:15:03 UTC 2024 - Jogadores conectados: 2
Thu Oct 24 00:15:03 UTC 2024 - Jogadores ainda estão conectados.
Thu Oct 24 00:20:03 UTC 2024 - Jogadores conectados: 2
Thu Oct 24 00:20:03 UTC 2024 - Jogadores ainda estão conectados.
Thu Oct 24 00:25:03 UTC 2024 - Jogadores conectados: 2
Thu Oct 24 00:25:03 UTC 2024 - Jogadores ainda estão conectados.
Thu Oct 24 00:30:03 UTC 2024 - Jogadores conectados: 2
Thu Oct 24 00:30:03 UTC 2024 - Jogadores ainda estão conectados.
Thu Oct 24 00:35:03 UTC 2024 - Jogadores conectados: 1
Thu Oct 24 00:35:03 UTC 2024 - Jogadores ainda estão conectados.
Thu Oct 24 00:40:03 UTC 2024 - Jogadores conectados: 0
Thu Oct 24 00:40:03 UTC 2024 - Nenhum jogador conectado. Desligando em 10 minutos...
Thu Oct 24 00:45:03 UTC 2024 - Jogadores conectados: 0
Thu Oct 24 00:45:03 UTC 2024 - Nenhum jogador conectado. Desligando em 10 minutos...
Thu Oct 24 00:50:03 UTC 2024 - Jogadores conectados: 0
Thu Oct 24 00:50:03 UTC 2024 - Nenhum jogador conectado. Desligando em 10 minutos...
Thu Oct 24 00:55:03 UTC 2024 - Jogadores conectados: 
Thu Oct 24 00:55:03 UTC 2024 - Nenhum jogador conectado. Desligando em 10 minutos...
Thu Oct 24 01:00:03 UTC 2024 - Jogadores conectados: 1
Thu Oct 24 01:00:03 UTC 2024 - Jogadores ainda estão conectados.
Thu Oct 24 01:05:03 UTC 2024 - Jogadores conectados: 1
Thu Oct 24 01:05:03 UTC 2024 - Jogadores ainda estão conectados.
Thu Oct 24 01:05:05 UTC 2024 - Jogadores conectados novamente. Cancelando desligamento.
Thu Oct 24 01:10:03 UTC 2024 - Jogadores conectados: 0
Thu Oct 24 01:10:03 UTC 2024 - Nenhum jogador conectado. Desligando em 10 minutos...
Thu Oct 24 01:15:03 UTC 2024 - Jogadores conectados: 0
Thu Oct 24 01:15:03 UTC 2024 - Nenhum jogador conectado. Desligando em 10 minutos...
Thu Oct 24 01:20:03 UTC 2024 - Jogadores conectados: 1
Thu Oct 24 01:20:03 UTC 2024 - Jogadores ainda estão conectados.
Thu Oct 24 01:20:05 UTC 2024 - Jogadores conectados novamente. Cancelando desligamento.
Thu Oct 24 01:25:03 UTC 2024 - Jogadores conectados: 0
Thu Oct 24 01:25:03 UTC 2024 - Nenhum jogador conectado. Desligando em 10 minutos...
Thu Oct 24 01:30:03 UTC 2024 - Jogadores conectados: 1
Thu Oct 24 01:30:03 UTC 2024 - Jogadores ainda estão conectados.
Thu Oct 24 01:35:03 UTC 2024 - Jogadores conectados: 1
Thu Oct 24 01:35:03 UTC 2024 - Jogadores ainda estão conectados.
Thu Oct 24 01:35:05 UTC 2024 - Jogadores conectados novamente. Cancelando desligamento.
Thu Oct 24 01:40:03 UTC 2024 - Jogadores conectados: 0
Thu Oct 24 01:40:03 UTC 2024 - Nenhum jogador conectado. Desligando em 10 minutos...
Thu Oct 24 01:45:03 UTC 2024 - Jogadores conectados: 0
Thu Oct 24 01:45:03 UTC 2024 - Nenhum jogador conectado. Desligando em 10 minutos...
Thu Oct 24 01:50:03 UTC 2024 - Jogadores conectados: 1
Thu Oct 24 01:50:03 UTC 2024 - Jogadores ainda estão conectados.
Thu Oct 24 01:50:05 UTC 2024 - Jogadores conectados novamente. Cancelando desligamento.
Thu Oct 24 01:55:03 UTC 2024 - Jogadores conectados: 1
Thu Oct 24 01:55:03 UTC 2024 - Jogadores ainda estão conectados.
Thu Oct 24 02:00:03 UTC 2024 - Jogadores conectados: 1
Thu Oct 24 02:00:03 UTC 2024 - Jogadores ainda estão conectados.
Thu Oct 24 02:15:03 UTC 2024 - Jogadores conectados: 0
Thu Oct 24 02:15:03 UTC 2024 - Nenhum jogador conectado. Desligando em 10 minutos...
Thu Oct 24 02:20:03 UTC 2024 - Jogadores conectados: 0
Thu Oct 24 02:20:03 UTC 2024 - Nenhum jogador conectado. Desligando em 10 minutos...
Thu Oct 24 02:25:03 UTC 2024 - Jogadores conectados: 0
Thu Oct 24 02:25:03 UTC 2024 - Nenhum jogador conectado. Desligando em 10 minutos...
Thu Oct 24 02:25:05 UTC 2024 - Desligando o servidor por inatividade...
Thu Oct 24 13:25:03 UTC 2024 - Jogadores conectados: 0
Thu Oct 24 13:25:03 UTC 2024 - Nenhum jogador conectado. Desligando em 10 minutos...
Thu Oct 24 13:30:03 UTC 2024 - Jogadores conectados: 0
Thu Oct 24 13:30:03 UTC 2024 - Nenhum jogador conectado. Desligando em 10 minutos...
Thu Oct 24 13:35:05 UTC 2024 - Desligando o servidor por inatividade...
Thu Oct 24 19:55:03 UTC 2024 - Jogadores conectados: 0
Thu Oct 24 19:55:03 UTC 2024 - Nenhum jogador conectado. Desligando em 10 minutos...
Thu Oct 24 20:00:03 UTC 2024 - Jogadores conectados: 0
Thu Oct 24 20:00:03 UTC 2024 - Nenhum jogador conectado. Desligando em 10 minutos...
Thu Oct 24 20:05:03 UTC 2024 - Jogadores conectados: 0
Thu Oct 24 20:05:03 UTC 2024 - Nenhum jogador conectado. Desligando em 10 minutos...
Thu Oct 24 20:05:05 UTC 2024 - Desligando o servidor por inatividade...
Thu Oct 24 22:20:05 UTC 2024 - Jogadores conectados: 
Thu Oct 24 22:20:05 UTC 2024 - Nenhum jogador conectado. Desligando em 10 minutos...
Thu Oct 24 22:27:58 UTC 2024 - Jogadores conectados: 
Thu Oct 24 22:28:13 UTC 2024 - Nenhum jogador conectado. Desligando em 10 minutos...
Thu Oct 24 22:35:03 UTC 2024 - Jogadores conectados: 
Thu Oct 24 22:35:03 UTC 2024 - Nenhum jogador conectado. Desligando em 10 minutos...
Thu Oct 24 22:40:03 UTC 2024 - Jogadores conectados: 0
Thu Oct 24 22:40:03 UTC 2024 - Nenhum jogador conectado. Desligando em 10 minutos...
Thu Oct 24 22:45:03 UTC 2024 - Jogadores conectados: 0
Thu Oct 24 22:45:03 UTC 2024 - Nenhum jogador conectado. Desligando em 10 minutos...
Thu Oct 24 22:45:05 UTC 2024 - Desligando o servidor por inatividade...
Thu Oct 24 22:50:03 UTC 2024 - Jogadores conectados: 
Thu Oct 24 22:50:03 UTC 2024 - Nenhum jogador conectado. Desligando em 10 minutos...
Thu Oct 24 22:55:03 UTC 2024 - Jogadores conectados: 1
Thu Oct 24 22:55:03 UTC 2024 - Jogadores ainda estão conectados.
Thu Oct 24 23:00:04 UTC 2024 - Jogadores conectados: 1
Thu Oct 24 23:00:04 UTC 2024 - Jogadores ainda estão conectados.
Thu Oct 24 23:00:05 UTC 2024 - Jogadores conectados novamente. Cancelando desligamento.
Thu Oct 24 23:05:03 UTC 2024 - Jogadores conectados: 1
Thu Oct 24 23:05:03 UTC 2024 - Jogadores ainda estão conectados.
Thu Oct 24 23:10:03 UTC 2024 - Jogadores conectados: 1
Thu Oct 24 23:10:03 UTC 2024 - Jogadores ainda estão conectados.
Thu Oct 24 23:15:03 UTC 2024 - Jogadores conectados: 0
Thu Oct 24 23:15:03 UTC 2024 - Nenhum jogador conectado. Desligando em 10 minutos...
Thu Oct 24 23:20:04 UTC 2024 - Jogadores conectados: 
Thu Oct 24 23:20:04 UTC 2024 - Nenhum jogador conectado. Desligando em 10 minutos...
Thu Oct 24 23:25:04 UTC 2024 - Jogadores conectados: 1
Thu Oct 24 23:25:04 UTC 2024 - Jogadores ainda estão conectados.
Thu Oct 24 23:25:05 UTC 2024 - Jogadores conectados novamente. Cancelando desligamento.
Thu Oct 24 23:30:03 UTC 2024 - Jogadores conectados: 1
Thu Oct 24 23:30:03 UTC 2024 - Jogadores ainda estão conectados.
Thu Oct 24 23:30:06 UTC 2024 - Jogadores conectados novamente. Cancelando desligamento.
Thu Oct 24 23:35:03 UTC 2024 - Jogadores conectados: 1
Thu Oct 24 23:35:03 UTC 2024 - Jogadores ainda estão conectados.
Thu Oct 24 23:40:03 UTC 2024 - Jogadores conectados: 1
Thu Oct 24 23:40:03 UTC 2024 - Jogadores ainda estão conectados.
Sat Oct 26 01:45:04 UTC 2024 - Jogadores conectados: 
Sat Oct 26 01:45:04 UTC 2024 - Nenhum jogador conectado. Desligando em 10 minutos...
Sat Oct 26 01:50:03 UTC 2024 - Jogadores conectados: 2
Sat Oct 26 01:50:03 UTC 2024 - Jogadores ainda estão conectados.
Sun Oct 27 00:30:03 UTC 2024 - Jogadores conectados: 
Sun Oct 27 00:30:03 UTC 2024 - Nenhum jogador conectado. Desligando em 10 minutos...
Sun Oct 27 00:35:03 UTC 2024 - Jogadores conectados: 0
Sun Oct 27 00:35:03 UTC 2024 - Nenhum jogador conectado. Desligando em 10 minutos...
Mon Oct 28 03:05:03 UTC 2024 - Jogadores conectados: 0
Mon Oct 28 03:05:03 UTC 2024 - Nenhum jogador conectado. Desligando em 10 minutos...
Mon Oct 28 03:10:03 UTC 2024 - Jogadores conectados: 0
Mon Oct 28 03:10:03 UTC 2024 - Nenhum jogador conectado. Desligando em 10 minutos...
Mon Oct 28 03:15:03 UTC 2024 - Jogadores conectados: 0
Mon Oct 28 03:15:03 UTC 2024 - Nenhum jogador conectado. Desligando em 10 minutos...
Mon Oct 28 03:15:05 UTC 2024 - Desligando o servidor por inatividade...
Thu Oct 31 18:20:03 UTC 2024 - Jogadores conectados: 0
Thu Oct 31 18:20:03 UTC 2024 - Nenhum jogador conectado. Desligando em 10 minutos...
Thu Oct 31 18:25:03 UTC 2024 - Jogadores conectados: 0
Thu Oct 31 18:25:03 UTC 2024 - Nenhum jogador conectado. Desligando em 10 minutos...
Thu Oct 31 18:30:03 UTC 2024 - Jogadores conectados: 0
Thu Oct 31 18:30:03 UTC 2024 - Nenhum jogador conectado. Desligando em 10 minutos...
Thu Oct 31 18:35:03 UTC 2024 - Jogadores conectados: 0
Thu Oct 31 18:35:03 UTC 2024 - Nenhum jogador conectado. Desligando em 10 minutos...
Thu Oct 31 18:40:03 UTC 2024 - Jogadores conectados: 0
Thu Oct 31 18:40:03 UTC 2024 - Nenhum jogador conectado. Desligando em 10 minutos...
Thu Oct 31 18:40:05 UTC 2024 - Desligando o servidor por inatividade...
Thu Oct 31 18:55:03 UTC 2024 - Jogadores conectados: 
Thu Oct 31 18:55:03 UTC 2024 - Nenhum jogador conectado. Desligando em 10 minutos...
Thu Oct 31 20:48:28 UTC 2024 - Jogadores conectados: 
Thu Oct 31 20:48:28 UTC 2024 - Nenhum jogador conectado. Desligando em 10 minutos...
Thu Oct 31 20:50:04 UTC 2024 - Jogadores conectados: 
Thu Oct 31 20:50:04 UTC 2024 - Nenhum jogador conectado. Desligando em 10 minutos...
Thu Oct 31 20:54:22 UTC 2024 - Jogadores conectados: 
Thu Oct 31 20:54:22 UTC 2024 - Nenhum jogador conectado. Desligando em 10 minutos...
Thu Oct 31 20:55:04 UTC 2024 - Jogadores conectados: 
Thu Oct 31 20:55:04 UTC 2024 - Nenhum jogador conectado. Desligando em 10 minutos...
Thu Oct 31 21:00:04 UTC 2024 - Jogadores conectados: 
Thu Oct 31 21:00:04 UTC 2024 - Nenhum jogador conectado. Desligando em 10 minutos...
Thu Oct 31 21:00:06 UTC 2024 - Desligando o servidor por inatividade...
Sun Nov  3 02:45:03 UTC 2024 - Jogadores conectados: 
Sun Nov  3 02:45:03 UTC 2024 - Nenhum jogador conectado. Desligando em 10 minutos...
Sun Nov  3 02:50:03 UTC 2024 - Jogadores conectados: 
Sun Nov  3 02:50:03 UTC 2024 - Nenhum jogador conectado. Desligando em 10 minutos...
Sun Nov  3 02:55:03 UTC 2024 - Jogadores conectados: 1
Sun Nov  3 02:55:03 UTC 2024 - Jogadores ainda estão conectados.
Sun Nov  3 02:55:05 UTC 2024 - Jogadores conectados novamente. Cancelando desligamento.
Sun Nov  3 03:00:03 UTC 2024 - Jogadores conectados: 
Sun Nov  3 03:00:03 UTC 2024 - Nenhum jogador conectado. Desligando em 10 minutos...
Sun Nov  3 03:00:05 UTC 2024 - Jogadores conectados novamente. Cancelando desligamento.
Sun Nov  3 03:05:03 UTC 2024 - Jogadores conectados: 1
Sun Nov  3 03:05:03 UTC 2024 - Jogadores ainda estão conectados.
Sun Nov  3 03:10:03 UTC 2024 - Jogadores conectados: 1
Sun Nov  3 03:10:03 UTC 2024 - Jogadores ainda estão conectados.
Sun Nov  3 03:10:05 UTC 2024 - Jogadores conectados novamente. Cancelando desligamento.
Sun Nov  3 03:15:03 UTC 2024 - Jogadores conectados: 
Sun Nov  3 03:15:03 UTC 2024 - Nenhum jogador conectado. Desligando em 10 minutos...
Sun Nov  3 03:20:03 UTC 2024 - Jogadores conectados: 
Sun Nov  3 03:20:03 UTC 2024 - Nenhum jogador conectado. Desligando em 10 minutos...
Sun Nov  3 03:25:03 UTC 2024 - Jogadores conectados: 
Sun Nov  3 03:25:03 UTC 2024 - Nenhum jogador conectado. Desligando em 10 minutos...
Sun Nov  3 03:25:05 UTC 2024 - Desligando o servidor por inatividade...
Sun Nov  3 13:55:04 UTC 2024 - Jogadores conectados: 
Sun Nov  3 13:55:04 UTC 2024 - Nenhum jogador conectado. Desligando em 10 minutos...
Sun Nov  3 14:00:04 UTC 2024 - Jogadores conectados: 
Sun Nov  3 14:00:04 UTC 2024 - Nenhum jogador conectado. Desligando em 10 minutos...
Sun Nov  3 14:05:03 UTC 2024 - Jogadores conectados: 
Sun Nov  3 14:05:03 UTC 2024 - Nenhum jogador conectado. Desligando em 10 minutos...
Sun Nov  3 14:10:03 UTC 2024 - Jogadores conectados: 
Sun Nov  3 14:10:03 UTC 2024 - Nenhum jogador conectado. Desligando em 10 minutos...
Sun Nov  3 14:10:06 UTC 2024 - Desligando o servidor por inatividade...
Sun Nov  3 14:15:03 UTC 2024 - Jogadores conectados: 
Sun Nov  3 14:15:03 UTC 2024 - Nenhum jogador conectado. Desligando em 10 minutos...
Sun Nov  3 14:20:03 UTC 2024 - Jogadores conectados: 
Sun Nov  3 14:20:03 UTC 2024 - Nenhum jogador conectado. Desligando em 10 minutos...
Sun Nov  3 14:25:03 UTC 2024 - Jogadores conectados: 
Sun Nov  3 14:25:03 UTC 2024 - Nenhum jogador conectado. Desligando em 10 minutos...
Sun Nov  3 14:25:05 UTC 2024 - Desligando o servidor por inatividade...
Mon Nov  4 03:05:03 UTC 2024 - Jogadores conectados: 
Mon Nov  4 03:05:03 UTC 2024 - Nenhum jogador conectado. Desligando em 10 minutos...
Mon Nov  4 03:10:03 UTC 2024 - Jogadores conectados: 
Mon Nov  4 03:10:03 UTC 2024 - Nenhum jogador conectado. Desligando em 10 minutos...
Mon Nov  4 03:15:03 UTC 2024 - Jogadores conectados: 
Mon Nov  4 03:15:03 UTC 2024 - Nenhum jogador conectado. Desligando em 10 minutos...
Mon Nov  4 03:15:05 UTC 2024 - Desligando o servidor por inatividade...
Mon Nov  4 11:25:03 UTC 2024 - Jogadores conectados: 
Mon Nov  4 11:25:03 UTC 2024 - Nenhum jogador conectado. Desligando em 10 minutos...
Mon Nov  4 11:30:03 UTC 2024 - Jogadores conectados: 
Mon Nov  4 11:30:03 UTC 2024 - Nenhum jogador conectado. Desligando em 10 minutos...
Mon Nov  4 11:35:05 UTC 2024 - Desligando o servidor por inatividade...
