Wed Nov  6 12:52:14 UTC 2024 - Jogadores conectados: 
Wed Nov  6 12:52:14 UTC 2024 - Nenhum jogador conectado. Desligando em 10 minutos...
Wed Nov  6 12:53:54 UTC 2024 - Jogadores conectados: 
Wed Nov  6 12:53:54 UTC 2024 - Nenhum jogador conectado. Desligando em 10 minutos...
Wed Nov  6 12:55:03 UTC 2024 - Jogadores conectados: 
Wed Nov  6 12:55:03 UTC 2024 - Nenhum jogador conectado. Desligando em 10 minutos...
Wed Nov  6 13:00:03 UTC 2024 - Jogadores conectados: 
Wed Nov  6 13:00:03 UTC 2024 - Nenhum jogador conectado. Desligando em 10 minutos...
Wed Nov  6 13:05:03 UTC 2024 - Jogadores conectados: 
Wed Nov  6 13:05:03 UTC 2024 - Nenhum jogador conectado. Desligando em 10 minutos...
Wed Nov  6 13:05:05 UTC 2024 - Desligando o servidor por inatividade...
Wed Nov  6 18:20:04 UTC 2024 - Jogadores conectados: 
Wed Nov  6 18:20:04 UTC 2024 - Nenhum jogador conectado. Desligando em 10 minutos...
Wed Nov  6 18:25:03 UTC 2024 - Jogadores conectados: 
Wed Nov  6 18:25:03 UTC 2024 - Nenhum jogador conectado. Desligando em 10 minutos...
Wed Nov  6 18:30:03 UTC 2024 - Jogadores conectados: 
Wed Nov  6 18:30:03 UTC 2024 - Nenhum jogador conectado. Desligando em 10 minutos...
Wed Nov  6 18:30:06 UTC 2024 - Desligando o servidor por inatividade...
Mon Nov 11 03:05:03 UTC 2024 - Jogadores conectados: 
Mon Nov 11 03:05:03 UTC 2024 - Nenhum jogador conectado. Desligando em 10 minutos...
Mon Nov 11 03:10:03 UTC 2024 - Jogadores conectados: 
Mon Nov 11 03:10:03 UTC 2024 - Nenhum jogador conectado. Desligando em 10 minutos...
Mon Nov 11 03:15:03 UTC 2024 - Jogadores conectados: 
Mon Nov 11 03:15:03 UTC 2024 - Nenhum jogador conectado. Desligando em 10 minutos...
Mon Nov 11 03:15:05 UTC 2024 - Desligando o servidor por inatividade...
Mon Nov 18 03:05:03 UTC 2024 - Jogadores conectados: 
Mon Nov 18 03:05:03 UTC 2024 - Nenhum jogador conectado. Desligando em 10 minutos...
Mon Nov 18 03:10:03 UTC 2024 - Jogadores conectados: 
Mon Nov 18 03:10:03 UTC 2024 - Nenhum jogador conectado. Desligando em 10 minutos...
Mon Nov 18 03:15:03 UTC 2024 - Jogadores conectados: 
Mon Nov 18 03:15:03 UTC 2024 - Nenhum jogador conectado. Desligando em 10 minutos...
Mon Nov 18 03:15:05 UTC 2024 - Desligando o servidor por inatividade...
Thu Nov 21 13:30:05 UTC 2024 - Jogadores conectados: 
Thu Nov 21 13:30:05 UTC 2024 - Nenhum jogador conectado. Desligando em 10 minutos...
Thu Nov 21 13:35:03 UTC 2024 - Jogadores conectados: 
Thu Nov 21 13:35:03 UTC 2024 - Nenhum jogador conectado. Desligando em 10 minutos...
Thu Nov 21 13:40:03 UTC 2024 - Jogadores conectados: 
Thu Nov 21 13:40:03 UTC 2024 - Nenhum jogador conectado. Desligando em 10 minutos...
Thu Nov 21 13:40:07 UTC 2024 - Desligando o servidor por inatividade...
Thu Nov 21 18:00:03 UTC 2024 - Jogadores conectados: 
Thu Nov 21 18:00:03 UTC 2024 - Nenhum jogador conectado. Desligando em 10 minutos...
Thu Nov 21 18:05:03 UTC 2024 - Jogadores conectados: 
Thu Nov 21 18:05:03 UTC 2024 - Nenhum jogador conectado. Desligando em 10 minutos...
Thu Nov 21 18:10:03 UTC 2024 - Jogadores conectados: 
Thu Nov 21 18:10:03 UTC 2024 - Nenhum jogador conectado. Desligando em 10 minutos...
Thu Nov 21 18:10:05 UTC 2024 - Desligando o servidor por inatividade...
Thu Nov 21 18:20:03 UTC 2024 - Jogadores conectados: 
Thu Nov 21 18:20:03 UTC 2024 - Nenhum jogador conectado. Desligando em 10 minutos...
Thu Nov 21 18:25:03 UTC 2024 - Jogadores conectados: 
Thu Nov 21 18:25:03 UTC 2024 - Nenhum jogador conectado. Desligando em 10 minutos...
Thu Nov 21 18:30:03 UTC 2024 - Jogadores conectados: 
Thu Nov 21 18:30:03 UTC 2024 - Nenhum jogador conectado. Desligando em 10 minutos...
Thu Nov 21 18:30:05 UTC 2024 - Desligando o servidor por inatividade...
Thu Nov 21 19:10:03 UTC 2024 - Jogadores conectados: 
Thu Nov 21 19:10:03 UTC 2024 - Nenhum jogador conectado. Desligando em 10 minutos...
Thu Nov 21 19:15:03 UTC 2024 - Jogadores conectados: 
Thu Nov 21 19:15:03 UTC 2024 - Nenhum jogador conectado. Desligando em 10 minutos...
Thu Nov 21 19:20:03 UTC 2024 - Jogadores conectados: 
Thu Nov 21 19:20:03 UTC 2024 - Nenhum jogador conectado. Desligando em 10 minutos...
Thu Nov 21 19:20:05 UTC 2024 - Desligando o servidor por inatividade...
Mon Nov 25 03:05:04 UTC 2024 - Jogadores conectados: 
Mon Nov 25 03:05:04 UTC 2024 - Nenhum jogador conectado. Desligando em 10 minutos...
Mon Nov 25 03:10:03 UTC 2024 - Jogadores conectados: 
Mon Nov 25 03:10:03 UTC 2024 - Nenhum jogador conectado. Desligando em 10 minutos...
Mon Nov 25 03:15:03 UTC 2024 - Jogadores conectados: 
Mon Nov 25 03:15:03 UTC 2024 - Nenhum jogador conectado. Desligando em 10 minutos...
Mon Nov 25 03:15:06 UTC 2024 - Desligando o servidor por inatividade...
Tue Nov 26 13:45:03 UTC 2024 - Jogadores conectados: 
Tue Nov 26 13:45:03 UTC 2024 - Nenhum jogador conectado. Desligando em 10 minutos...
Tue Nov 26 13:50:03 UTC 2024 - Jogadores conectados: 
Tue Nov 26 13:50:03 UTC 2024 - Nenhum jogador conectado. Desligando em 10 minutos...
Tue Nov 26 13:55:03 UTC 2024 - Jogadores conectados: 
Tue Nov 26 13:55:03 UTC 2024 - Nenhum jogador conectado. Desligando em 10 minutos...
Tue Nov 26 13:55:05 UTC 2024 - Desligando o servidor por inatividade...
Mon Dec  9 13:00:03 UTC 2024 - Jogadores conectados: 0
Mon Dec  9 13:00:03 UTC 2024 - Nenhum jogador conectado. Desligando em 10 minutos...
Mon Dec  9 13:05:03 UTC 2024 - Jogadores conectados: 0
Mon Dec  9 13:05:03 UTC 2024 - Nenhum jogador conectado. Desligando em 10 minutos...
Mon Dec  9 13:10:03 UTC 2024 - Jogadores conectados: 0
Mon Dec  9 13:10:03 UTC 2024 - Nenhum jogador conectado. Desligando em 10 minutos...
Mon Dec  9 13:10:05 UTC 2024 - Desligando o servidor por inatividade...
Mon Dec  9 13:35:03 UTC 2024 - Jogadores conectados: 0
Mon Dec  9 13:35:03 UTC 2024 - Nenhum jogador conectado. Desligando em 10 minutos...
Mon Dec  9 13:40:03 UTC 2024 - Jogadores conectados: 0
Mon Dec  9 13:40:03 UTC 2024 - Nenhum jogador conectado. Desligando em 10 minutos...
Mon Dec  9 13:45:03 UTC 2024 - Jogadores conectados: 0
Mon Dec  9 13:45:03 UTC 2024 - Nenhum jogador conectado. Desligando em 10 minutos...
Mon Dec  9 13:45:05 UTC 2024 - Desligando o servidor por inatividade...
