[2024-11-04 11:28:28][INFO] Loading resources...
[2024-11-04 11:28:28][FINE] Loading resources from: bluemap/resourceExtensions.zip ...
[2024-11-04 11:28:29][FINE] Loading resources from: bluemap/minecraft-client-1.21.1.jar ...
[2024-11-04 11:28:31][INFO] Loading textures...
[2024-11-04 11:28:31][FINE] Loading textures from: bluemap/resourceExtensions.zip ...
[2024-11-04 11:28:31][FINE] Loading textures from: bluemap/minecraft-client-1.21.1.jar ...
[2024-11-04 11:28:36][INFO] Baking resources...
[2024-11-04 11:28:36][INFO] Resources loaded.
[2024-11-04 11:28:36][FINE] Loading world world_the_end#minecraft:the_end ...
[2024-11-04 11:28:36][FINE] Loading datapack...
[2024-11-04 11:28:36][FINE] Loading datapack from: bluemap/resourceExtensions.zip ...
[2024-11-04 11:28:36][FINE] Loading datapack from: bluemap/minecraft-client-1.21.1.jar ...
[2024-11-04 11:28:36][FINE] Baking datapack...
[2024-11-04 11:28:36][FINE] Datapack loaded.
[2024-11-04 11:28:36][INFO] Initializing Storage: 'file' (Type: 'bluemap:file')
[2024-11-04 11:28:36][INFO] Loading map 'world_the_end'...
[2024-11-04 11:28:36][FINE] Loading render-state for map 'world_the_end'
[2024-11-04 11:28:36][FINE] Loading textures for map 'world_the_end'
[2024-11-04 11:28:37][FINE] Loading world world#minecraft:overworld ...
[2024-11-04 11:28:37][FINE] Loading datapack...
[2024-11-04 11:28:37][FINE] Loading datapack from: world/datapacks/bukkit ...
[2024-11-04 11:28:37][FINE] Loading datapack from: bluemap/resourceExtensions.zip ...
[2024-11-04 11:28:37][FINE] Loading datapack from: bluemap/minecraft-client-1.21.1.jar ...
[2024-11-04 11:28:37][FINE] Baking datapack...
[2024-11-04 11:28:37][FINE] Datapack loaded.
[2024-11-04 11:28:37][INFO] Loading map 'world'...
[2024-11-04 11:28:37][FINE] Loading render-state for map 'world'
[2024-11-04 11:28:37][FINE] Loading textures for map 'world'
[2024-11-04 11:28:37][FINE] Loading world world_nether#minecraft:the_nether ...
[2024-11-04 11:28:37][FINE] Loading datapack...
[2024-11-04 11:28:37][FINE] Loading datapack from: bluemap/resourceExtensions.zip ...
[2024-11-04 11:28:37][FINE] Loading datapack from: bluemap/minecraft-client-1.21.1.jar ...
[2024-11-04 11:28:38][FINE] Baking datapack...
[2024-11-04 11:28:38][FINE] Datapack loaded.
[2024-11-04 11:28:38][INFO] Loading map 'world_nether'...
[2024-11-04 11:28:38][FINE] Loading render-state for map 'world_nether'
[2024-11-04 11:28:38][FINE] Loading textures for map 'world_nether'
[2024-11-04 11:28:38][INFO] WebServer bound to all network interfaces on port 8100
[2024-11-04 11:28:38][INFO] WebServer started.
[2024-11-04 11:28:38][FINE] Started watching map 'world_the_end' for updates...
[2024-11-04 11:28:38][FINE] Started watching map 'world' for updates...
[2024-11-04 11:28:38][FINE] Started watching map 'world_nether' for updates...
[2024-11-04 11:28:38][INFO] Loaded!
